<?xml version="1.0" encoding="UTF-8"?>
<!-- Generated by org.testng.reporters.JUnitXMLReporter -->
<testsuite hostname="LAPTOP-HLV361MA" name="Validating Title" tests="1" failures="1" timestamp="15 May 2020 21:32:38 GMT" time="15.423" errors="0">
  <testcase name="basePageNavigation" time="0.094" classname="com.testngframework.ValidateTitle">
    <failure type="java.lang.AssertionError" message="expected [FEATURED COURSES120] but found [FEATURED COURSES]">
      <![CDATA[java.lang.AssertionError: expected [FEATURED COURSES120] but found [FEATURED COURSES]
	at com.testngframework.ValidateTitle.basePageNavigation(ValidateTitle.java:35)
	at java.util.concurrent.FutureTask.run(FutureTask.java:266)
	at java.util.concurrent.ThreadPoolExecutor.runWorker(ThreadPoolExecutor.java:1149)
	at java.util.concurrent.ThreadPoolExecutor$Worker.run(ThreadPoolExecutor.java:624)
	at java.lang.Thread.run(Thread.java:748)
... Removed 22 stack frames]]>
    </failure>
  </testcase> <!-- basePageNavigation -->
</testsuite> <!-- Validating Title -->
