<?xml version="1.0" encoding="UTF-8"?>
<!-- Generated by org.testng.reporters.JUnitXMLReporter -->
<testsuite hostname="LAPTOP-HLV361MA" ignored="0" name="Test" tests="4" failures="0" timestamp="15 May 2020 14:05:46 GMT" time="46.107" errors="0">
  <testcase name="basePageNavigation" time="0.124" classname="com.testngframework.ValidateTitle"/>
  <testcase name="basePageNavigation" time="0.131" classname="com.testngframework.ValidateNavigationBar"/>
  <testcase name="basePageNavigation" time="8.479" classname="com.testngframework.HomePageNew"/>
  <testcase name="basePageNavigation" time="4.987" classname="com.testngframework.HomePageNew"/>
</testsuite> <!-- Test -->
