<?xml version="1.0" encoding="UTF-8"?>
<testsuite xmlns:xsi="http://www.w3.org/2001/XMLSchema-instance" xsi:noNamespaceSchemaLocation="https://maven.apache.org/surefire/maven-surefire-plugin/xsd/surefire-test-report-3.0.xsd" version="3.0" name="TestSuite" time="46.956" tests="4" errors="0" skipped="0" failures="0">
  <properties>
[...]
</properties>
  <testcase name="basePageNavigation" classname="com.testngframework.ValidateTitle" time="0.127"/>
  <testcase name="basePageNavigation" classname="com.testngframework.ValidateNavigationBar" time="0.131"/>
  <testcase name="basePageNavigation" classname="com.testngframework.HomePageNew" time="8.482"/>
  <testcase name="basePageNavigation" classname="com.testngframework.HomePageNew" time="4.988"/>
</testsuite>