<?xml version="1.0" encoding="UTF-8"?>
<testng-results skipped="0" failed="0" total="2" passed="2">
  <reporter-output>
  </reporter-output>
  <suite name="Suite" duration-ms="34" started-at="2020-05-04T20:24:49Z" finished-at="2020-05-04T20:24:49Z">
    <groups>
    </groups>
    <test name="Test" duration-ms="34" started-at="2020-05-04T20:24:49Z" finished-at="2020-05-04T20:24:49Z">
      <class name="com.testngframework.first">
        <test-method status="PASS" signature="demo()[pri:0, instance:com.testngframework.first@2669b199]" name="demo" duration-ms="0" started-at="2020-05-04T16:24:49Z" finished-at="2020-05-04T16:24:49Z">
          <reporter-output>
          </reporter-output>
        </test-method> <!-- demo -->
        <test-method status="PASS" signature="second()[pri:0, instance:com.testngframework.first@2669b199]" name="second" duration-ms="1" started-at="2020-05-04T16:24:49Z" finished-at="2020-05-04T16:24:49Z">
          <reporter-output>
          </reporter-output>
        </test-method> <!-- second -->
      </class> <!-- com.testngframework.first -->
    </test> <!-- Test -->
  </suite> <!-- Suite -->
</testng-results>
