<?xml version="1.0" encoding="UTF-8"?>
<testng-results skipped="0" failed="0" total="4" passed="4">
  <reporter-output>
  </reporter-output>
  <suite name="Suite" duration-ms="44029" started-at="2020-05-15T22:25:22Z" finished-at="2020-05-15T22:26:06Z">
    <groups>
    </groups>
    <test name="Validating Title" duration-ms="10055" started-at="2020-05-15T22:25:22Z" finished-at="2020-05-15T22:25:32Z">
      <class name="com.testngframework.ValidateTitle">
        <test-method status="PASS" signature="initilize()[pri:0, instance:com.testngframework.ValidateTitle@36ebc363]" name="initilize" is-config="true" duration-ms="9819" started-at="2020-05-15T18:25:22Z" finished-at="2020-05-15T18:25:32Z">
          <reporter-output>
          </reporter-output>
        </test-method> <!-- initilize -->
        <test-method status="PASS" signature="basePageNavigation()[pri:0, instance:com.testngframework.ValidateTitle@36ebc363]" name="basePageNavigation" duration-ms="137" started-at="2020-05-15T18:25:32Z" finished-at="2020-05-15T18:25:32Z">
          <reporter-output>
          </reporter-output>
        </test-method> <!-- basePageNavigation -->
        <test-method status="PASS" signature="tearDown()[pri:0, instance:com.testngframework.ValidateTitle@36ebc363]" name="tearDown" is-config="true" duration-ms="75" started-at="2020-05-15T18:25:32Z" finished-at="2020-05-15T18:25:32Z">
          <reporter-output>
          </reporter-output>
        </test-method> <!-- tearDown -->
      </class> <!-- com.testngframework.ValidateTitle -->
    </test> <!-- Validating Title -->
    <test name="Validating Navigaytion Bar" duration-ms="9034" started-at="2020-05-15T22:25:33Z" finished-at="2020-05-15T22:25:42Z">
      <class name="com.testngframework.ValidateNavigationBar">
        <test-method status="PASS" signature="initilize()[pri:0, instance:com.testngframework.ValidateNavigationBar@3fc2959f]" name="initilize" is-config="true" duration-ms="8901" started-at="2020-05-15T18:25:33Z" finished-at="2020-05-15T18:25:41Z">
          <reporter-output>
          </reporter-output>
        </test-method> <!-- initilize -->
        <test-method status="PASS" signature="basePageNavigation()[pri:0, instance:com.testngframework.ValidateNavigationBar@3fc2959f]" name="basePageNavigation" duration-ms="58" started-at="2020-05-15T18:25:41Z" finished-at="2020-05-15T18:25:42Z">
          <reporter-output>
          </reporter-output>
        </test-method> <!-- basePageNavigation -->
        <test-method status="PASS" signature="tearDown()[pri:0, instance:com.testngframework.ValidateNavigationBar@3fc2959f]" name="tearDown" is-config="true" duration-ms="73" started-at="2020-05-15T18:25:42Z" finished-at="2020-05-15T18:25:42Z">
          <reporter-output>
          </reporter-output>
        </test-method> <!-- tearDown -->
      </class> <!-- com.testngframework.ValidateNavigationBar -->
    </test> <!-- Validating Navigaytion Bar -->
    <test name="Validating Home Page" duration-ms="24506" started-at="2020-05-15T22:25:42Z" finished-at="2020-05-15T22:26:06Z">
      <class name="com.testngframework.HomePageNew">
        <test-method status="PASS" signature="initilize()[pri:0, instance:com.testngframework.HomePageNew@662ac478]" name="initilize" is-config="true" duration-ms="8799" started-at="2020-05-15T18:25:42Z" finished-at="2020-05-15T18:25:51Z">
          <reporter-output>
          </reporter-output>
        </test-method> <!-- initilize -->
        <test-method status="PASS" signature="basePageNavigation(java.lang.String, java.lang.String, java.lang.String)[pri:0, instance:com.testngframework.HomePageNew@662ac478]" name="basePageNavigation" duration-ms="6652" started-at="2020-05-15T18:25:51Z" data-provider="getData" finished-at="2020-05-15T18:25:57Z">
          <params>
            <param index="0">
              <value>
                <![CDATA[nonrestricteduser@qw.com]]>
              </value>
            </param>
            <param index="1">
              <value>
                <![CDATA[123456]]>
              </value>
            </param>
            <param index="2">
              <value>
                <![CDATA[Restricted User]]>
              </value>
            </param>
          </params>
          <reporter-output>
          </reporter-output>
        </test-method> <!-- basePageNavigation -->
        <test-method status="PASS" signature="basePageNavigation(java.lang.String, java.lang.String, java.lang.String)[pri:0, instance:com.testngframework.HomePageNew@662ac478]" name="basePageNavigation" duration-ms="4969" started-at="2020-05-15T18:25:57Z" data-provider="getData" finished-at="2020-05-15T18:26:02Z">
          <params>
            <param index="0">
              <value>
                <![CDATA[restricteduser@qw.com]]>
              </value>
            </param>
            <param index="1">
              <value>
                <![CDATA[456789]]>
              </value>
            </param>
            <param index="2">
              <value>
                <![CDATA[Non restricted user]]>
              </value>
            </param>
          </params>
          <reporter-output>
          </reporter-output>
        </test-method> <!-- basePageNavigation -->
        <test-method status="PASS" signature="tearDown()[pri:0, instance:com.testngframework.HomePageNew@662ac478]" name="tearDown" is-config="true" duration-ms="4081" started-at="2020-05-15T18:26:02Z" finished-at="2020-05-15T18:26:06Z">
          <reporter-output>
          </reporter-output>
        </test-method> <!-- tearDown -->
      </class> <!-- com.testngframework.HomePageNew -->
    </test> <!-- Validating Home Page -->
  </suite> <!-- Suite -->
</testng-results>
